{
  "stats": {
    "suites": 1,
    "tests": 4,
    "passes": 2,
    "pending": 0,
    "failures": 2,
    "start": "2025-08-27T05:46:30.058Z",
    "end": "2025-08-27T05:47:25.191Z",
    "duration": 55133,
    "testsRegistered": 4,
    "passPercent": 50,
    "pendingPercent": 0,
    "other": 0,
    "hasOther": false,
    "skipped": 0,
    "hasSkipped": false
  },
  "results": [
    {
      "uuid": "d6a8358a-07e6-4974-9932-8ad98b44f9cc",
      "title": "",
      "fullFile": "C:\\Users\\ichsa\\Mocha-Test\\Practice\\Orange.js",
      "file": "\\Practice\\Orange.js",
      "beforeHooks": [],
      "afterHooks": [],
      "tests": [],
      "suites": [
        {
          "uuid": "ccdcc8f8-9b9d-4ae1-bbbc-992b15b2cc2c",
          "title": "Heroku App Test",
          "fullFile": "C:\\Users\\ichsa\\Mocha-Test\\Practice\\Orange.js",
          "file": "\\Practice\\Orange.js",
          "beforeHooks": [
            {
              "title": "\"before each\" hook in \"Heroku App Test\"",
              "fullTitle": "Heroku App Test \"before each\" hook in \"Heroku App Test\"",
              "timedOut": false,
              "duration": 6022,
              "state": null,
              "speed": null,
              "pass": false,
              "fail": false,
              "pending": false,
              "context": null,
              "code": "driver = await new Builder().forBrowser(\"chrome\").build();\nawait driver.manage().window().maximize();\nawait driver.get(URL_ORANGE);\nawait driver.sleep(2000);",
              "err": {},
              "uuid": "90c159f0-a419-4659-8af0-35057af12393",
              "parentUUID": "ccdcc8f8-9b9d-4ae1-bbbc-992b15b2cc2c",
              "isHook": true,
              "skipped": false
            }
          ],
          "afterHooks": [
            {
              "title": "\"after each\" hook in \"Heroku App Test\"",
              "fullTitle": "Heroku App Test \"after each\" hook in \"Heroku App Test\"",
              "timedOut": false,
              "duration": 56,
              "state": null,
              "speed": null,
              "pass": false,
              "fail": false,
              "pending": false,
              "context": null,
              "code": "await driver.quit();",
              "err": {},
              "uuid": "e1a6b12b-e469-4a50-bcc3-2e35442c822d",
              "parentUUID": "ccdcc8f8-9b9d-4ae1-bbbc-992b15b2cc2c",
              "isHook": true,
              "skipped": false
            }
          ],
          "tests": [
            {
              "title": "Login Admin User",
              "fullTitle": "Heroku App Test Login Admin User",
              "timedOut": false,
              "duration": 2689,
              "state": "passed",
              "speed": "slow",
              "pass": true,
              "fail": false,
              "pending": false,
              "context": null,
              "code": "await login(process.env.USERNAME_ORANGE, process.env.PASSWORD_ORANGE);\nconst dashboard = await driver.findElement(\n  By.xpath(\n    '//h6[@class=\"oxd-text oxd-text--h6 oxd-topbar-header-breadcrumb-module\"]'\n  )\n);\nawait driver.wait(until.elementIsVisible(dashboard), 2000);\nexpect(await dashboard.getText()).to.equal(\"Dashboard\");",
              "err": {},
              "uuid": "baf04a6b-3383-438b-8eb5-19f94cccabcb",
              "parentUUID": "ccdcc8f8-9b9d-4ae1-bbbc-992b15b2cc2c",
              "isHook": false,
              "skipped": false
            },
            {
              "title": "Login Logout",
              "fullTitle": "Heroku App Test Login Logout",
              "timedOut": false,
              "duration": 6534,
              "state": "passed",
              "speed": "slow",
              "pass": true,
              "fail": false,
              "pending": false,
              "context": null,
              "code": "await login(process.env.USERNAME_ORANGE, process.env.PASSWORD_ORANGE);\nconst dashboard = await driver.findElement(\n  By.xpath(\n    '//h6[@class=\"oxd-text oxd-text--h6 oxd-topbar-header-breadcrumb-module\"]'\n  )\n);\nawait driver.wait(until.elementIsVisible(dashboard), 2000);\nexpect(await dashboard.getText()).to.equal(\"Dashboard\");\nconst burger_menu = await driver.findElement(\n  By.xpath(\n    '//i[@class=\"oxd-icon bi-caret-down-fill oxd-userdropdown-icon\"]'\n  )\n);\nawait burger_menu.click();\nawait driver.sleep(1000);\nconst btn_logout = await driver.findElement(\n  By.xpath('//a[@class=\"oxd-userdropdown-link\" and text()=\"Logout\"]')\n);\nawait driver.wait(until.elementIsVisible(btn_logout), 2000);\nawait btn_logout.click();\nawait driver.sleep(2000);",
              "err": {},
              "uuid": "efa93f31-827a-4a9e-921d-74174a0d50e0",
              "parentUUID": "ccdcc8f8-9b9d-4ae1-bbbc-992b15b2cc2c",
              "isHook": false,
              "skipped": false
            },
            {
              "title": "Delete Admin Positive",
              "fullTitle": "Heroku App Test Delete Admin Positive",
              "timedOut": false,
              "duration": 10371,
              "state": "failed",
              "speed": null,
              "pass": false,
              "fail": true,
              "pending": false,
              "context": null,
              "code": "await driver.get(URL_ORANGE);\nawait driver.sleep(2000);\nawait login(process.env.USERNAME_ORANGE, process.env.PASSWORD_ORANGE);\nawait goToAdminMenu();\nawait deleteAdminUsers(2);",
              "err": {
                "message": "NoSuchElementError: no such element: Unable to locate element: {\"method\":\"xpath\",\"selector\":\"//button[@class=\"oxd-button oxd-button--medium oxd-button--label-danger orangehrm-button-margin\"]\"}\n  (Session info: chrome=139.0.7258.139)",
                "estack": "NoSuchElementError: no such element: Unable to locate element: {\"method\":\"xpath\",\"selector\":\"//button[@class=\"oxd-button oxd-button--medium oxd-button--label-danger orangehrm-button-margin\"]\"}\n  (Session info: chrome=139.0.7258.139)\n    at Object.throwDecodedError (node_modules\\selenium-webdriver\\lib\\error.js:523:15)\n    at parseHttpResponse (node_modules\\selenium-webdriver\\lib\\http.js:524:13)\n    at Executor.execute (node_modules\\selenium-webdriver\\lib\\http.js:456:28)\n    at process.processTicksAndRejections (node:internal/process/task_queues:95:5)\n    at async Driver.execute (node_modules\\selenium-webdriver\\lib\\webdriver.js:745:17)\n    at async deleteAdminUsers (Practice\\Orange.js:57:24)\n    at async Context.<anonymous> (Practice\\Orange.js:122:5)",
                "diff": null
              },
              "uuid": "66975206-01d5-47d0-9ebb-91aa8f01ef7a",
              "parentUUID": "ccdcc8f8-9b9d-4ae1-bbbc-992b15b2cc2c",
              "isHook": false,
              "skipped": false
            },
            {
              "title": "Delete Admin Negative",
              "fullTitle": "Heroku App Test Delete Admin Negative",
              "timedOut": false,
              "duration": 10228,
              "state": "failed",
              "speed": null,
              "pass": false,
              "fail": true,
              "pending": false,
              "context": null,
              "code": "await driver.get(URL_ORANGE);\nawait driver.sleep(2000);\nawait login(process.env.USERNAME_ORANGE, process.env.PASSWORD_ORANGE);\nawait goToAdminMenu();\nawait deleteAdminUsers(2);",
              "err": {
                "message": "NoSuchElementError: no such element: Unable to locate element: {\"method\":\"xpath\",\"selector\":\"//button[@class=\"oxd-button oxd-button--medium oxd-button--label-danger orangehrm-button-margin\"]\"}\n  (Session info: chrome=139.0.7258.139)",
                "estack": "NoSuchElementError: no such element: Unable to locate element: {\"method\":\"xpath\",\"selector\":\"//button[@class=\"oxd-button oxd-button--medium oxd-button--label-danger orangehrm-button-margin\"]\"}\n  (Session info: chrome=139.0.7258.139)\n    at Object.throwDecodedError (node_modules\\selenium-webdriver\\lib\\error.js:523:15)\n    at parseHttpResponse (node_modules\\selenium-webdriver\\lib\\http.js:524:13)\n    at Executor.execute (node_modules\\selenium-webdriver\\lib\\http.js:456:28)\n    at process.processTicksAndRejections (node:internal/process/task_queues:95:5)\n    at async Driver.execute (node_modules\\selenium-webdriver\\lib\\webdriver.js:745:17)\n    at async deleteAdminUsers (Practice\\Orange.js:57:24)\n    at async Context.<anonymous> (Practice\\Orange.js:130:5)",
                "diff": null
              },
              "uuid": "4feb8179-7844-4e9b-8a8b-9c6c6e7011b8",
              "parentUUID": "ccdcc8f8-9b9d-4ae1-bbbc-992b15b2cc2c",
              "isHook": false,
              "skipped": false
            }
          ],
          "suites": [],
          "passes": [
            "baf04a6b-3383-438b-8eb5-19f94cccabcb",
            "efa93f31-827a-4a9e-921d-74174a0d50e0"
          ],
          "failures": [
            "66975206-01d5-47d0-9ebb-91aa8f01ef7a",
            "4feb8179-7844-4e9b-8a8b-9c6c6e7011b8"
          ],
          "pending": [],
          "skipped": [],
          "duration": 29822,
          "root": false,
          "rootEmpty": false,
          "_timeout": 60000
        }
      ],
      "passes": [],
      "failures": [],
      "pending": [],
      "skipped": [],
      "duration": 0,
      "root": true,
      "rootEmpty": true,
      "_timeout": 60000
    }
  ],
  "meta": {
    "mocha": {
      "version": "11.7.1"
    },
    "mochawesome": {
      "options": {
        "quiet": false,
        "reportFilename": "mochawesome",
        "saveHtml": true,
        "saveJson": true,
        "consoleReporter": "spec",
        "useInlineDiffs": false,
        "code": true
      },
      "version": "7.1.3"
    },
    "marge": {
      "options": null,
      "version": "6.2.0"
    }
  }
}