{
  "stats": {
    "suites": 1,
    "tests": 4,
    "passes": 3,
    "pending": 0,
    "failures": 1,
    "start": "2025-08-27T06:25:15.819Z",
    "end": "2025-08-27T06:26:22.450Z",
    "duration": 66631,
    "testsRegistered": 4,
    "passPercent": 75,
    "pendingPercent": 0,
    "other": 0,
    "hasOther": false,
    "skipped": 0,
    "hasSkipped": false
  },
  "results": [
    {
      "uuid": "7b5ade05-542d-4071-bdd6-b2bc11b12a8f",
      "title": "",
      "fullFile": "C:\\Users\\ichsa\\Mocha-Test\\Practice\\Orange.js",
      "file": "\\Practice\\Orange.js",
      "beforeHooks": [],
      "afterHooks": [],
      "tests": [],
      "suites": [
        {
          "uuid": "81735d67-58eb-4040-997f-3a724842ee51",
          "title": "Heroku App Test",
          "fullFile": "C:\\Users\\ichsa\\Mocha-Test\\Practice\\Orange.js",
          "file": "\\Practice\\Orange.js",
          "beforeHooks": [
            {
              "title": "\"before each\" hook in \"Heroku App Test\"",
              "fullTitle": "Heroku App Test \"before each\" hook in \"Heroku App Test\"",
              "timedOut": false,
              "duration": 6670,
              "state": null,
              "speed": null,
              "pass": false,
              "fail": false,
              "pending": false,
              "context": null,
              "code": "driver = await new Builder().forBrowser(\"chrome\").build();\nawait driver.manage().window().maximize();\nawait driver.get(URL_ORANGE);\nawait driver.sleep(2000);",
              "err": {},
              "uuid": "00c0a0b3-0a26-41d4-9ac5-15270ecb542c",
              "parentUUID": "81735d67-58eb-4040-997f-3a724842ee51",
              "isHook": true,
              "skipped": false
            }
          ],
          "afterHooks": [
            {
              "title": "\"after each\" hook in \"Heroku App Test\"",
              "fullTitle": "Heroku App Test \"after each\" hook in \"Heroku App Test\"",
              "timedOut": false,
              "duration": 109,
              "state": null,
              "speed": null,
              "pass": false,
              "fail": false,
              "pending": false,
              "context": null,
              "code": "await driver.quit();",
              "err": {},
              "uuid": "9911a978-f33a-409e-bb78-c82cb1f77d26",
              "parentUUID": "81735d67-58eb-4040-997f-3a724842ee51",
              "isHook": true,
              "skipped": false
            }
          ],
          "tests": [
            {
              "title": "Login Admin User",
              "fullTitle": "Heroku App Test Login Admin User",
              "timedOut": false,
              "duration": 2663,
              "state": "passed",
              "speed": "slow",
              "pass": true,
              "fail": false,
              "pending": false,
              "context": null,
              "code": "await login(process.env.USERNAME_ORANGE, process.env.PASSWORD_ORANGE);\nconst dashboard = await driver.findElement(\n  By.xpath(\n    '//h6[@class=\"oxd-text oxd-text--h6 oxd-topbar-header-breadcrumb-module\"]'\n  )\n);\nawait driver.wait(until.elementIsVisible(dashboard), 2000);\nexpect(await dashboard.getText()).to.equal(\"Dashboard\");",
              "err": {},
              "uuid": "12db6ff3-2984-453e-aec1-489679311040",
              "parentUUID": "81735d67-58eb-4040-997f-3a724842ee51",
              "isHook": false,
              "skipped": false
            },
            {
              "title": "Login Logout",
              "fullTitle": "Heroku App Test Login Logout",
              "timedOut": false,
              "duration": 6703,
              "state": "passed",
              "speed": "slow",
              "pass": true,
              "fail": false,
              "pending": false,
              "context": null,
              "code": "await login(process.env.USERNAME_ORANGE, process.env.PASSWORD_ORANGE);\nconst dashboard = await driver.findElement(\n  By.xpath(\n    '//h6[@class=\"oxd-text oxd-text--h6 oxd-topbar-header-breadcrumb-module\"]'\n  )\n);\nawait driver.wait(until.elementIsVisible(dashboard), 2000);\nexpect(await dashboard.getText()).to.equal(\"Dashboard\");\nconst burger_menu = await driver.findElement(\n  By.xpath(\n    '//i[@class=\"oxd-icon bi-caret-down-fill oxd-userdropdown-icon\"]'\n  )\n);\nawait burger_menu.click();\nawait driver.sleep(1000);\nconst btn_logout = await driver.findElement(\n  By.xpath('//a[@class=\"oxd-userdropdown-link\" and text()=\"Logout\"]')\n);\nawait driver.wait(until.elementIsVisible(btn_logout), 2000);\nawait btn_logout.click();\nawait driver.sleep(2000);",
              "err": {},
              "uuid": "76651f95-d499-472f-b564-5319878da33b",
              "parentUUID": "81735d67-58eb-4040-997f-3a724842ee51",
              "isHook": false,
              "skipped": false
            },
            {
              "title": "Delete Admin",
              "fullTitle": "Heroku App Test Delete Admin",
              "timedOut": false,
              "duration": 10812,
              "state": "failed",
              "speed": null,
              "pass": false,
              "fail": true,
              "pending": false,
              "context": null,
              "code": "await driver.get(URL_ORANGE);\nawait driver.sleep(2000);\nawait login(process.env.USERNAME_ORANGE, process.env.PASSWORD_ORANGE);\nawait goToAdminMenu();\nawait deleteAdminUsers(2);",
              "err": {
                "message": "ElementClickInterceptedError: element click intercepted: Element <i data-v-bddebfba=\"\" data-v-f5c763eb=\"\" class=\"oxd-icon bi-trash\"></i> is not clickable at point (1267, 534). Other element would receive the click: <i data-v-bddebfba=\"\" data-v-f5c763eb=\"\" class=\"oxd-icon bi-trash\"></i>\n  (Session info: chrome=139.0.7258.139)",
                "estack": "ElementClickInterceptedError: element click intercepted: Element <i data-v-bddebfba=\"\" data-v-f5c763eb=\"\" class=\"oxd-icon bi-trash\"></i> is not clickable at point (1267, 534). Other element would receive the click: <i data-v-bddebfba=\"\" data-v-f5c763eb=\"\" class=\"oxd-icon bi-trash\"></i>\n  (Session info: chrome=139.0.7258.139)\n    at Object.throwDecodedError (node_modules\\selenium-webdriver\\lib\\error.js:523:15)\n    at parseHttpResponse (node_modules\\selenium-webdriver\\lib\\http.js:524:13)\n    at Executor.execute (node_modules\\selenium-webdriver\\lib\\http.js:456:28)\n    at process.processTicksAndRejections (node:internal/process/task_queues:95:5)\n    at async Driver.execute (node_modules\\selenium-webdriver\\lib\\webdriver.js:745:17)\n    at async deleteAdminUsers (Practice\\Orange.js:54:5)\n    at async Context.<anonymous> (Practice\\Orange.js:122:5)",
                "diff": null
              },
              "uuid": "a5a1b512-8d05-466d-a370-805ece45d302",
              "parentUUID": "81735d67-58eb-4040-997f-3a724842ee51",
              "isHook": false,
              "skipped": false
            },
            {
              "title": "Delete Other Admin",
              "fullTitle": "Heroku App Test Delete Other Admin",
              "timedOut": false,
              "duration": 12778,
              "state": "passed",
              "speed": "slow",
              "pass": true,
              "fail": false,
              "pending": false,
              "context": null,
              "code": "await driver.get(URL_ORANGE);\nawait driver.sleep(2000);\nawait login(process.env.USERNAME_ORANGE, process.env.PASSWORD_ORANGE);\nawait goToAdminMenu();\nawait deleteAdminUsers(2);",
              "err": {},
              "uuid": "30fe4a7d-d171-44e2-8029-b9700059508d",
              "parentUUID": "81735d67-58eb-4040-997f-3a724842ee51",
              "isHook": false,
              "skipped": false
            }
          ],
          "suites": [],
          "passes": [
            "12db6ff3-2984-453e-aec1-489679311040",
            "76651f95-d499-472f-b564-5319878da33b",
            "30fe4a7d-d171-44e2-8029-b9700059508d"
          ],
          "failures": [
            "a5a1b512-8d05-466d-a370-805ece45d302"
          ],
          "pending": [],
          "skipped": [],
          "duration": 32956,
          "root": false,
          "rootEmpty": false,
          "_timeout": 60000
        }
      ],
      "passes": [],
      "failures": [],
      "pending": [],
      "skipped": [],
      "duration": 0,
      "root": true,
      "rootEmpty": true,
      "_timeout": 60000
    }
  ],
  "meta": {
    "mocha": {
      "version": "11.7.1"
    },
    "mochawesome": {
      "options": {
        "quiet": false,
        "reportFilename": "mochawesome",
        "saveHtml": true,
        "saveJson": true,
        "consoleReporter": "spec",
        "useInlineDiffs": false,
        "code": true
      },
      "version": "7.1.3"
    },
    "marge": {
      "options": null,
      "version": "6.2.0"
    }
  }
}